d:\c++_area\vs_project\project\project1\project1\debug\vc142.pdb
d:\c++_area\vs_project\project\project1\project1\debug\vc142.idb
d:\c++_area\vs_project\project\project1\project1\debug\qr_decomposition.obj
d:\c++_area\vs_project\project\project1\project1\debug\project_main.obj
d:\c++_area\vs_project\project\project1\project1\debug\matrix_operations.obj
d:\c++_area\vs_project\project\project1\project1\debug\jacobi.obj
d:\c++_area\vs_project\project\project1\project1\debug\matrix_decomposition.ilk
d:\c++_area\vs_project\project\project1\debug\matrix_decomposition.exe
d:\c++_area\vs_project\project\project1\debug\matrix_decomposition.pdb
d:\users\default\downloads\matrix_decomposition\c++\project1\project1\debug\jacobi.obj
d:\users\default\downloads\matrix_decomposition\c++\project1\project1\debug\matrix_operations.obj
d:\users\default\downloads\matrix_decomposition\c++\project1\project1\debug\project_main.obj
d:\users\default\downloads\matrix_decomposition\c++\project1\project1\debug\qr_decomposition.obj
d:\users\default\downloads\matrix_decomposition\c++\project1\project1\debug\matrix_decomposition.ilk
d:\users\default\downloads\matrix_decomposition\c++\project1\project1\debug\vc142.idb
d:\users\default\downloads\matrix_decomposition\c++\project1\project1\debug\vc142.pdb
d:\users\default\downloads\matrix_decomposition\c++\project1\debug\matrix_decomposition.pdb
d:\users\default\downloads\matrix_decomposition\c++\project1\debug\matrix_decomposition.exe
d:\users\default\downloads\matrix_decomposition\c++\project1\project1\debug\matrix_d.b8b20af9.tlog\cl.command.1.tlog
d:\users\default\downloads\matrix_decomposition\c++\project1\project1\debug\matrix_d.b8b20af9.tlog\cl.read.1.tlog
d:\users\default\downloads\matrix_decomposition\c++\project1\project1\debug\matrix_d.b8b20af9.tlog\cl.write.1.tlog
d:\users\default\downloads\matrix_decomposition\c++\project1\project1\debug\matrix_d.b8b20af9.tlog\link.command.1.tlog
d:\users\default\downloads\matrix_decomposition\c++\project1\project1\debug\matrix_d.b8b20af9.tlog\link.read.1.tlog
d:\users\default\downloads\matrix_decomposition\c++\project1\project1\debug\matrix_d.b8b20af9.tlog\link.write.1.tlog
